2024-09-08 01:25:10.174 [info] CLI main {"_":["ms-python.python"],"diff":false,"merge":false,"add":false,"goto":false,"new-window":false,"reuse-window":false,"wait":false,"help":false,"list-extensions":true,"show-versions":false,"pre-release":false,"update-extensions":false,"version":false,"verbose":false,"status":false,"prof-startup":false,"no-cached-data":false,"prof-v8-extensions":false,"disable-extensions":false,"disable-lcd-text":false,"disable-gpu":false,"disable-chromium-sandbox":false,"sandbox":false,"telemetry":false,"debugRenderer":false,"enable-smoke-test-driver":false,"logExtensionHostCommunication":false,"skip-release-notes":false,"skip-welcome":false,"disable-telemetry":false,"disable-updates":false,"use-inmemory-secretstorage":false,"disable-workspace-trust":false,"disable-crash-reporter":false,"skip-add-to-recently-opened":false,"open-url":false,"file-write":false,"file-chmod":false,"force":false,"do-not-sync":false,"trace":false,"preserve-env":false,"force-user-env":false,"force-disable-user-env":false,"open-devtools":false,"disable-gpu-sandbox":false,"__enable-file-policy":false,"enable-coi":false,"no-proxy-server":false,"no-sandbox":false,"nolazy":false,"force-renderer-accessibility":false,"ignore-certificate-errors":false,"allow-insecure-localhost":false,"disable-dev-shm-usage":false,"profile-temp":false,"logsPath":"/home/somepwnpun/.config/Code/logs/20240908T012510"}
2024-09-08 01:25:10.182 [info] Started initializing default profile extensions in extensions installation folder. file:///home/somepwnpun/.vscode/extensions
2024-09-08 01:25:10.192 [info] Completed initializing default profile extensions in extensions installation folder. file:///home/somepwnpun/.vscode/extensions
2024-09-08 01:25:10.499 [info] CLI main {"_":[],"diff":false,"merge":false,"add":false,"goto":false,"new-window":false,"reuse-window":false,"wait":false,"help":false,"list-extensions":false,"show-versions":false,"install-extension":["ms-python.python"],"pre-release":false,"update-extensions":false,"version":false,"verbose":false,"status":false,"prof-startup":false,"no-cached-data":false,"prof-v8-extensions":false,"disable-extensions":false,"disable-lcd-text":false,"disable-gpu":false,"disable-chromium-sandbox":false,"sandbox":false,"telemetry":false,"debugRenderer":false,"enable-smoke-test-driver":false,"logExtensionHostCommunication":false,"skip-release-notes":false,"skip-welcome":false,"disable-telemetry":false,"disable-updates":false,"use-inmemory-secretstorage":false,"disable-workspace-trust":false,"disable-crash-reporter":false,"skip-add-to-recently-opened":false,"open-url":false,"file-write":false,"file-chmod":false,"force":false,"do-not-sync":false,"trace":false,"preserve-env":false,"force-user-env":false,"force-disable-user-env":false,"open-devtools":false,"disable-gpu-sandbox":false,"__enable-file-policy":false,"enable-coi":false,"no-proxy-server":false,"no-sandbox":false,"nolazy":false,"force-renderer-accessibility":false,"ignore-certificate-errors":false,"allow-insecure-localhost":false,"disable-dev-shm-usage":false,"profile-temp":false,"logsPath":"/home/somepwnpun/.config/Code/logs/20240908T012510"}
2024-09-08 01:25:12.244 [info] Getting Manifest... ms-python.python
2024-09-08 01:25:12.268 [info] Installing extension: ms-python.python {"isMachineScoped":false,"installPreReleaseVersion":false,"profileLocation":{"$mid":1,"external":"vscode-userdata:/home/somepwnpun/.vscode/extensions/extensions.json","path":"/home/somepwnpun/.vscode/extensions/extensions.json","scheme":"vscode-userdata"},"isBuiltin":false,"installGivenVersion":false,"isApplicationScoped":false,"installOnlyNewlyAddedFromExtensionPack":true,"productVersion":{"version":"1.93.0","date":"2024-09-04T13:02:38.431Z"}}
2024-09-08 01:25:12.711 [info] Getting Manifest... ms-python.vscode-pylance
2024-09-08 01:25:12.738 [info] Getting Manifest... ms-python.debugpy
2024-09-08 01:25:12.770 [info] Installing extension: ms-python.vscode-pylance {"isMachineScoped":false,"installPreReleaseVersion":false,"profileLocation":{"$mid":1,"external":"vscode-userdata:/home/somepwnpun/.vscode/extensions/extensions.json","path":"/home/somepwnpun/.vscode/extensions/extensions.json","scheme":"vscode-userdata"},"isBuiltin":false,"installGivenVersion":false,"isApplicationScoped":false,"installOnlyNewlyAddedFromExtensionPack":true,"productVersion":{"version":"1.93.0","date":"2024-09-04T13:02:38.431Z"},"context":{"dependecyOrPackExtensionInstall":true}}
2024-09-08 01:25:12.770 [info] Installing extension: ms-python.debugpy {"isMachineScoped":false,"installPreReleaseVersion":false,"profileLocation":{"$mid":1,"external":"vscode-userdata:/home/somepwnpun/.vscode/extensions/extensions.json","path":"/home/somepwnpun/.vscode/extensions/extensions.json","scheme":"vscode-userdata"},"isBuiltin":false,"installGivenVersion":false,"isApplicationScoped":false,"installOnlyNewlyAddedFromExtensionPack":true,"productVersion":{"version":"1.93.0","date":"2024-09-04T13:02:38.431Z"},"context":{"dependecyOrPackExtensionInstall":true}}
2024-09-08 01:25:16.739 [info] Extension signature verification result for ms-python.python: Success. Executed: true. Duration: 1383ms.
2024-09-08 01:25:18.935 [info] Extracted extension to file:///home/somepwnpun/.vscode/extensions/ms-python.python-2024.14.0-linux-x64: ms-python.python
2024-09-08 01:25:18.942 [info] Renamed to /home/somepwnpun/.vscode/extensions/ms-python.python-2024.14.0-linux-x64
2024-09-08 01:25:19.030 [error] [uncaught exception in CLI]: Error: ENOENT: no such file or directory, stat '/home/somepwnpun/.vscode/extensions/extensions.json.vsctmp': EntryNotFound (FileSystemError): Error: ENOENT: no such file or directory, stat '/home/somepwnpun/.vscode/extensions/extensions.json.vsctmp'
    at $.create (/usr/share/code/resources/app/out/vs/code/node/cli.js:34:6096)
    at c (/usr/share/code/resources/app/out/vs/code/node/cli.js:34:6216)
    at w.hb (/usr/share/code/resources/app/out/vs/code/node/cliProcessMain.js:29:35640)
    at w.stat (/usr/share/code/resources/app/out/vs/code/node/cliProcessMain.js:29:27967)
    at async i.stat (/usr/share/code/resources/app/out/vs/code/node/cliProcessMain.js:29:13897)
    at async U.ub (/usr/share/code/resources/app/out/vs/code/node/cliProcessMain.js:56:80083)
2024-09-08 01:25:19.669 [info] Extension signature verification result for ms-python.debugpy: Success. Executed: true. Duration: 814ms.
2024-09-08 01:25:20.077 [info] Extracted extension to file:///home/somepwnpun/.vscode/extensions/ms-python.debugpy-2024.10.0-linux-x64: ms-python.debugpy
2024-09-08 01:25:20.088 [info] Renamed to /home/somepwnpun/.vscode/extensions/ms-python.debugpy-2024.10.0-linux-x64
2024-09-08 01:25:20.167 [error] [uncaught exception in CLI]: Error: ENOENT: no such file or directory, stat '/home/somepwnpun/.vscode/extensions/extensions.json.vsctmp': EntryNotFound (FileSystemError): Error: ENOENT: no such file or directory, stat '/home/somepwnpun/.vscode/extensions/extensions.json.vsctmp'
    at $.create (/usr/share/code/resources/app/out/vs/code/node/cli.js:34:6096)
    at c (/usr/share/code/resources/app/out/vs/code/node/cli.js:34:6216)
    at w.hb (/usr/share/code/resources/app/out/vs/code/node/cliProcessMain.js:29:35640)
    at w.stat (/usr/share/code/resources/app/out/vs/code/node/cliProcessMain.js:29:27967)
    at async i.stat (/usr/share/code/resources/app/out/vs/code/node/cliProcessMain.js:29:13897)
    at async U.ub (/usr/share/code/resources/app/out/vs/code/node/cliProcessMain.js:56:80083)
2024-09-08 01:25:20.186 [info] Extension signature verification result for ms-python.vscode-pylance: Success. Executed: true. Duration: 1345ms.
2024-09-08 01:25:25.769 [info] Extracted extension to file:///home/somepwnpun/.vscode/extensions/ms-python.vscode-pylance-2024.8.2: ms-python.vscode-pylance
2024-09-08 01:25:25.787 [info] Renamed to /home/somepwnpun/.vscode/extensions/ms-python.vscode-pylance-2024.8.2
2024-09-08 01:25:25.807 [info] Extension installed successfully: ms-python.python vscode-userdata:/home/somepwnpun/.vscode/extensions/extensions.json
2024-09-08 01:25:25.807 [info] Extension installed successfully: ms-python.debugpy vscode-userdata:/home/somepwnpun/.vscode/extensions/extensions.json
2024-09-08 01:25:25.807 [info] Extension installed successfully: ms-python.vscode-pylance vscode-userdata:/home/somepwnpun/.vscode/extensions/extensions.json
